2019-07-24T04:33:49.785040Z 0 [System] [MY-010116] [Server] C:\AppServ\MySQL\bin\mysqld (mysqld 8.0.17) starting as process 11148
2019-07-24T04:33:51.226362Z 0 [Warning] [MY-010068] [Server] CA certificate ca.pem is self signed.
2019-07-24T04:33:51.259491Z 0 [System] [MY-010931] [Server] C:\AppServ\MySQL\bin\mysqld: ready for connections. Version: '8.0.17'  socket: ''  port: 3306  MySQL Community Server - GPL.
2019-07-24T04:33:51.467508Z 0 [System] [MY-011323] [Server] X Plugin ready for connections. Bind-address: '::' port: 33060
2019-07-24T04:36:02.411584Z 11 [Warning] [MY-013360] [Server] Plugin sha256_password reported: ''sha256_password' is deprecated and will be removed in a future release. Please use caching_sha2_password instead'
2019-07-24T04:38:34.324856Z 0 [System] [MY-013105] [Server] C:\AppServ\MySQL\bin\mysqld: Normal shutdown.
2019-07-24T04:38:34.588565Z 0 [System] [MY-010910] [Server] C:\AppServ\MySQL\bin\mysqld: Shutdown complete (mysqld 8.0.17)  MySQL Community Server - GPL.
2019-07-24T08:05:36.864177Z 0 [System] [MY-010116] [Server] C:\AppServ\MySQL\bin\mysqld (mysqld 8.0.17) starting as process 13144
2019-07-24T08:05:38.188969Z 0 [Warning] [MY-010068] [Server] CA certificate ca.pem is self signed.
2019-07-24T08:05:38.212699Z 0 [System] [MY-010931] [Server] C:\AppServ\MySQL\bin\mysqld: ready for connections. Version: '8.0.17'  socket: ''  port: 3306  MySQL Community Server - GPL.
2019-07-24T08:05:38.230588Z 0 [System] [MY-011323] [Server] X Plugin ready for connections. Bind-address: '::' port: 33060
2019-07-24T08:08:05.050156Z 0 [System] [MY-013105] [Server] C:\AppServ\MySQL\bin\mysqld: Normal shutdown.
2019-07-24T08:08:05.598166Z 0 [System] [MY-010910] [Server] C:\AppServ\MySQL\bin\mysqld: Shutdown complete (mysqld 8.0.17)  MySQL Community Server - GPL.
2025-01-06T12:12:25.399146Z 0 [System] [MY-010116] [Server] C:\AppServ\MySQL\bin\mysqld (mysqld 8.0.17) starting as process 22864
2025-01-06T12:12:26.304910Z 0 [Warning] [MY-010068] [Server] CA certificate ca.pem is self signed.
2025-01-06T12:12:26.333601Z 0 [System] [MY-010931] [Server] C:\AppServ\MySQL\bin\mysqld: ready for connections. Version: '8.0.17'  socket: ''  port: 3306  MySQL Community Server - GPL.
2025-01-06T12:12:26.573636Z 0 [System] [MY-011323] [Server] X Plugin ready for connections. Bind-address: '::' port: 33060
2025-01-06T12:12:28.209064Z 9 [System] [MY-013172] [Server] Received SHUTDOWN from user root. Shutting down mysqld (Version: 8.0.17).
2025-01-06T12:12:28.209688Z 0 [System] [MY-013105] [Server] C:\AppServ\MySQL\bin\mysqld: Normal shutdown.
2025-01-06T12:12:28.996227Z 0 [System] [MY-010910] [Server] C:\AppServ\MySQL\bin\mysqld: Shutdown complete (mysqld 8.0.17)  MySQL Community Server - GPL.
2025-01-06T12:12:42.743007Z 0 [System] [MY-010116] [Server] C:\AppServ\MySQL\bin\mysqld (mysqld 8.0.17) starting as process 17076
2025-01-06T12:12:43.748521Z 0 [Warning] [MY-010068] [Server] CA certificate ca.pem is self signed.
2025-01-06T12:12:43.782125Z 0 [System] [MY-010931] [Server] C:\AppServ\MySQL\bin\mysqld: ready for connections. Version: '8.0.17'  socket: ''  port: 3306  MySQL Community Server - GPL.
2025-01-06T12:12:43.908072Z 0 [System] [MY-011323] [Server] X Plugin ready for connections. Bind-address: '::' port: 33060
2025-01-06T12:13:43.905695Z 0 [System] [MY-013105] [Server] C:\AppServ\MySQL\bin\mysqld: Normal shutdown.
2025-01-06T12:13:44.707005Z 0 [System] [MY-010910] [Server] C:\AppServ\MySQL\bin\mysqld: Shutdown complete (mysqld 8.0.17)  MySQL Community Server - GPL.
2025-01-06T12:14:24.785233Z 0 [System] [MY-010116] [Server] C:\AppServ\MySQL\bin\mysqld (mysqld 8.0.17) starting as process 6708
2025-01-06T12:14:27.637653Z 0 [Warning] [MY-010068] [Server] CA certificate ca.pem is self signed.
2025-01-06T12:14:27.698717Z 0 [System] [MY-010931] [Server] C:\AppServ\MySQL\bin\mysqld: ready for connections. Version: '8.0.17'  socket: ''  port: 3306  MySQL Community Server - GPL.
2025-01-06T12:14:27.855172Z 0 [System] [MY-011323] [Server] X Plugin ready for connections. Bind-address: '::' port: 33060
2025-01-06T12:31:13.698259Z 0 [System] [MY-013105] [Server] C:\AppServ\MySQL\bin\mysqld: Normal shutdown.
2025-01-06T12:31:14.095074Z 0 [System] [MY-010910] [Server] C:\AppServ\MySQL\bin\mysqld: Shutdown complete (mysqld 8.0.17)  MySQL Community Server - GPL.
2025-01-06T12:32:01.030186Z 0 [System] [MY-010116] [Server] C:\AppServ\MySQL\bin\mysqld (mysqld 8.0.17) starting as process 6780
2025-01-06T12:32:02.153922Z 0 [Warning] [MY-010068] [Server] CA certificate ca.pem is self signed.
2025-01-06T12:32:02.174351Z 0 [System] [MY-010931] [Server] C:\AppServ\MySQL\bin\mysqld: ready for connections. Version: '8.0.17'  socket: ''  port: 3306  MySQL Community Server - GPL.
2025-01-06T12:32:02.413491Z 0 [System] [MY-011323] [Server] X Plugin ready for connections. Bind-address: '::' port: 33060
2025-01-06T12:56:21.408286Z 8 [Warning] [MY-013360] [Server] Plugin sha256_password reported: ''sha256_password' is deprecated and will be removed in a future release. Please use caching_sha2_password instead'
